2019-09-02 05:07:11.106  INFO 41968 --- [main] c.m.l.LocallectionCliWebApplication      : Starting LocallectionCliWebApplication on choiui-MacBookPro.local with PID 41968 (/Users/nakzzi/IdeaProjects/locallection_cli_web/build/classes/java/main started by nakzzi in /Users/nakzzi/IdeaProjects/locallection_cli_web)
2019-09-02 05:07:11.110  INFO 41968 --- [main] c.m.l.LocallectionCliWebApplication      : No active profile set, falling back to default profiles: default
2019-09-02 05:07:11.795  INFO 41968 --- [main] o.s.b.w.embedded.tomcat.TomcatWebServer  : Tomcat initialized with port(s): 8084 (https)
2019-09-02 05:07:11.818  INFO 41968 --- [main] o.apache.catalina.core.StandardService   : Starting service [Tomcat]
2019-09-02 05:07:11.819  INFO 41968 --- [main] org.apache.catalina.core.StandardEngine  : Starting Servlet engine: [Apache Tomcat/9.0.22]
2019-09-02 05:07:11.882  INFO 41968 --- [main] o.a.c.c.C.[Tomcat].[localhost].[/]       : Initializing Spring embedded WebApplicationContext
2019-09-02 05:07:11.882  INFO 41968 --- [main] o.s.web.context.ContextLoader            : Root WebApplicationContext: initialization completed in 750 ms
2019-09-02 05:07:12.065  INFO 41968 --- [main] o.s.s.concurrent.ThreadPoolTaskExecutor  : Initializing ExecutorService 'applicationTaskExecutor'
2019-09-02 05:07:12.110  INFO 41968 --- [main] o.s.b.a.w.s.WelcomePageHandlerMapping    : Adding welcome page: class path resource [static/index.html]
2019-09-02 05:07:12.198 ERROR 41968 --- [main] org.apache.catalina.util.LifecycleBase   : Failed to start component [Connector[HTTP/1.1-8084]]

org.apache.catalina.LifecycleException: Protocol handler start failed
	at org.apache.catalina.connector.Connector.startInternal(Connector.java:1008) ~[tomcat-embed-core-9.0.22.jar:9.0.22]
	at org.apache.catalina.util.LifecycleBase.start(LifecycleBase.java:183) ~[tomcat-embed-core-9.0.22.jar:9.0.22]
	at org.apache.catalina.core.StandardService.addConnector(StandardService.java:227) ~[tomcat-embed-core-9.0.22.jar:9.0.22]
	at org.springframework.boot.web.embedded.tomcat.TomcatWebServer.addPreviouslyRemovedConnectors(TomcatWebServer.java:263) ~[spring-boot-2.1.7.RELEASE.jar:2.1.7.RELEASE]
	at org.springframework.boot.web.embedded.tomcat.TomcatWebServer.start(TomcatWebServer.java:195) ~[spring-boot-2.1.7.RELEASE.jar:2.1.7.RELEASE]
	at org.springframework.boot.web.servlet.context.ServletWebServerApplicationContext.startWebServer(ServletWebServerApplicationContext.java:297) ~[spring-boot-2.1.7.RELEASE.jar:2.1.7.RELEASE]
	at org.springframework.boot.web.servlet.context.ServletWebServerApplicationContext.finishRefresh(ServletWebServerApplicationContext.java:163) ~[spring-boot-2.1.7.RELEASE.jar:2.1.7.RELEASE]
	at org.springframework.context.support.AbstractApplicationContext.refresh(AbstractApplicationContext.java:552) ~[spring-context-5.1.9.RELEASE.jar:5.1.9.RELEASE]
	at org.springframework.boot.web.servlet.context.ServletWebServerApplicationContext.refresh(ServletWebServerApplicationContext.java:141) ~[spring-boot-2.1.7.RELEASE.jar:2.1.7.RELEASE]
	at org.springframework.boot.SpringApplication.refresh(SpringApplication.java:743) ~[spring-boot-2.1.7.RELEASE.jar:2.1.7.RELEASE]
	at org.springframework.boot.SpringApplication.refreshContext(SpringApplication.java:390) ~[spring-boot-2.1.7.RELEASE.jar:2.1.7.RELEASE]
	at org.springframework.boot.SpringApplication.run(SpringApplication.java:312) ~[spring-boot-2.1.7.RELEASE.jar:2.1.7.RELEASE]
	at org.springframework.boot.SpringApplication.run(SpringApplication.java:1214) ~[spring-boot-2.1.7.RELEASE.jar:2.1.7.RELEASE]
	at org.springframework.boot.SpringApplication.run(SpringApplication.java:1203) ~[spring-boot-2.1.7.RELEASE.jar:2.1.7.RELEASE]
	at com.mrporter.locallection_cli_web.LocallectionCliWebApplication.main(LocallectionCliWebApplication.java:20) ~[main/:na]
Caused by: java.net.BindException: Address already in use
	at java.base/sun.nio.ch.Net.bind0(Native Method) ~[na:na]
	at java.base/sun.nio.ch.Net.bind(Net.java:461) ~[na:na]
	at java.base/sun.nio.ch.Net.bind(Net.java:453) ~[na:na]
	at java.base/sun.nio.ch.ServerSocketChannelImpl.bind(ServerSocketChannelImpl.java:227) ~[na:na]
	at java.base/sun.nio.ch.ServerSocketAdaptor.bind(ServerSocketAdaptor.java:80) ~[na:na]
	at org.apache.tomcat.util.net.NioEndpoint.initServerSocket(NioEndpoint.java:230) ~[tomcat-embed-core-9.0.22.jar:9.0.22]
	at org.apache.tomcat.util.net.NioEndpoint.bind(NioEndpoint.java:213) ~[tomcat-embed-core-9.0.22.jar:9.0.22]
	at org.apache.tomcat.util.net.AbstractEndpoint.bindWithCleanup(AbstractEndpoint.java:1124) ~[tomcat-embed-core-9.0.22.jar:9.0.22]
	at org.apache.tomcat.util.net.AbstractEndpoint.start(AbstractEndpoint.java:1210) ~[tomcat-embed-core-9.0.22.jar:9.0.22]
	at org.apache.coyote.AbstractProtocol.start(AbstractProtocol.java:585) ~[tomcat-embed-core-9.0.22.jar:9.0.22]
	at org.apache.catalina.connector.Connector.startInternal(Connector.java:1005) ~[tomcat-embed-core-9.0.22.jar:9.0.22]
	... 14 common frames omitted

2019-09-02 05:07:12.201  INFO 41968 --- [main] o.apache.catalina.core.StandardService   : Stopping service [Tomcat]
2019-09-02 05:07:12.210  INFO 41968 --- [main] ConditionEvaluationReportLoggingListener : 

Error starting ApplicationContext. To display the conditions report re-run your application with 'debug' enabled.
2019-09-02 05:07:12.213 ERROR 41968 --- [main] o.s.b.d.LoggingFailureAnalysisReporter   : 

***************************
APPLICATION FAILED TO START
***************************

Description:

The Tomcat connector configured to listen on port 8084 failed to start. The port may already be in use or the connector may be misconfigured.

Action:

Verify the connector's configuration, identify and stop any process that's listening on port 8084, or configure this application to listen on another port.

2019-09-02 05:07:12.215  INFO 41968 --- [main] o.s.s.concurrent.ThreadPoolTaskExecutor  : Shutting down ExecutorService 'applicationTaskExecutor'
